[2017-03-17 11:47:15] production.ERROR: exception 'ErrorException' with message 'Undefined variable: text' in /data/home/bxu2359250072/htdocs/yangfan/app/Http/Controllers/WechatController.php:39
Stack trace:
#0 /data/home/bxu2359250072/htdocs/yangfan/app/Http/Controllers/WechatController.php(39): Illuminate\Foundation\Bootstrap\HandleExceptions->handleError(8, 'Undefined varia...', '/data/home/bxu2...', 39, Array)
#1 [internal function]: App\Http\Controllers\WechatController->App\Http\Controllers\{closure}(Object(EasyWeChat\Support\Collection))
#2 /data/home/bxu2359250072/htdocs/yangfan/vendor/overtrue/wechat/src/Server/Guard.php(406): call_user_func_array(Object(Closure), Array)
#3 /data/home/bxu2359250072/htdocs/yangfan/vendor/overtrue/wechat/src/Server/Guard.php(371): EasyWeChat\Server\Guard->handleMessage(Array)
#4 /data/home/bxu2359250072/htdocs/yangfan/vendor/overtrue/wechat/src/Server/Guard.php(157): EasyWeChat\Server\Guard->handleRequest()
#5 /data/home/bxu2359250072/htdocs/yangfan/app/Http/Controllers/WechatController.php(44): EasyWeChat\Server\Guard->serve()
#6 [internal function]: App\Http\Controllers\WechatController->serve()
#7 /data/home/bxu2359250072/htdocs/yangfan/vendor/laravel/framework/src/Illuminate/Routing/Controller.php(80): call_user_func_array(Array, Array)
#8 /data/home/bxu2359250072/htdocs/yangfan/vendor/laravel/framework/src/Illuminate/Routing/ControllerDispatcher.php(146): Illuminate\Routing\Controller->callAction('serve', Array)
#9 /data/home/bxu2359250072/htdocs/yangfan/vendor/laravel/framework/src/Illuminate/Routing/ControllerDispatcher.php(94): Illuminate\Routing\ControllerDispatcher->call(Object(App\Http\Controllers\WechatController), Object(Illuminate\Routing\Route), 'serve')
#10 [internal function]: Illuminate\Routing\ControllerDispatcher->Illuminate\Routing\{closure}(Object(Illuminate\Http\Request))
#11 /data/home/bxu2359250072/htdocs/yangfan/vendor/laravel/framework/src/Illuminate/Routing/Pipeline.php(52): call_user_func(Object(Closure), Object(Illuminate\Http\Request))
#12 [internal function]: Illuminate\Routing\Pipeline->Illuminate\Routing\{closure}(Object(Illuminate\Http\Request))
#13 /data/home/bxu2359250072/htdocs/yangfan/vendor/laravel/framework/src/Illuminate/Pipeline/Pipeline.php(103): call_user_func(Object(Closure), Object(Illuminate\Http\Request))
#14 /data/home/bxu2359250072/htdocs/yangfan/vendor/laravel/framework/src/Illuminate/Routing/ControllerDispatcher.php(96): Illuminate\Pipeline\Pipeline->then(Object(Closure))
#15 /data/home/bxu2359250072/htdocs/yangfan/vendor/laravel/framework/src/Illuminate/Routing/ControllerDispatcher.php(54): Illuminate\Routing\ControllerDispatcher->callWithinStack(Object(App\Http\Controllers\WechatController), Object(Illuminate\Routing\Route), Object(Illuminate\Http\Request), 'serve')
#16 /data/home/bxu2359250072/htdocs/yangfan/vendor/laravel/framework/src/Illuminate/Routing/Route.php(174): Illuminate\Routing\ControllerDispatcher->dispatch(Object(Illuminate\Routing\Route), Object(Illuminate\Http\Request), 'App\\Http\\Contro...', 'serve')
#17 /data/home/bxu2359250072/htdocs/yangfan/vendor/laravel/framework/src/Illuminate/Routing/Route.php(140): Illuminate\Routing\Route->runController(Object(Illuminate\Http\Request))
#18 /data/home/bxu2359250072/htdocs/yangfan/vendor/laravel/framework/src/Illuminate/Routing/Router.php(724): Illuminate\Routing\Route->run(Object(Illuminate\Http\Request))
#19 [internal function]: Illuminate\Routing\Router->Illuminate\Routing\{closure}(Object(Illuminate\Http\Request))
#20 /data/home/bxu2359250072/htdocs/yangfan/vendor/laravel/framework/src/Illuminate/Routing/Pipeline.php(52): call_user_func(Object(Closure), Object(Illuminate\Http\Request))
#21 [internal function]: Illuminate\Routing\Pipeline->Illuminate\Routing\{closure}(Object(Illuminate\Http\Request))
#22 /data/home/bxu2359250072/htdocs/yangfan/vendor/laravel/framework/src/Illuminate/Pipeline/Pipeline.php(103): call_user_func(Object(Closure), Object(Illuminate\Http\Request))
#23 /data/home/bxu2359250072/htdocs/yangfan/vendor/laravel/framework/src/Illuminate/Routing/Router.php(726): Illuminate\Pipeline\Pipeline->then(Object(Closure))
#24 /data/home/bxu2359250072/htdocs/yangfan/vendor/laravel/framework/src/Illuminate/Routing/Router.php(699): Illuminate\Routing\Router->runRouteWithinStack(Object(Illuminate\Routing\Route), Object(Illuminate\Http\Request))
#25 /data/home/bxu2359250072/htdocs/yangfan/vendor/laravel/framework/src/Illuminate/Routing/Router.php(675): Illuminate\Routing\Router->dispatchToRoute(Object(Illuminate\Http\Request))
#26 /data/home/bxu2359250072/htdocs/yangfan/vendor/laravel/framework/src/Illuminate/Foundation/Http/Kernel.php(246): Illuminate\Routing\Router->dispatch(Object(Illuminate\Http\Request))
#27 [internal function]: Illuminate\Foundation\Http\Kernel->Illuminate\Foundation\Http\{closure}(Object(Illuminate\Http\Request))
#28 /data/home/bxu2359250072/htdocs/yangfan/vendor/laravel/framework/src/Illuminate/Routing/Pipeline.php(52): call_user_func(Object(Closure), Object(Illuminate\Http\Request))
#29 /data/home/bxu2359250072/htdocs/yangfan/vendor/laravel/framework/src/Illuminate/Foundation/Http/Middleware/CheckForMaintenanceMode.php(44): Illuminate\Routing\Pipeline->Illuminate\Routing\{closure}(Object(Illuminate\Http\Request))
#30 [internal function]: Illuminate\Foundation\Http\Middleware\CheckForMaintenanceMode->handle(Object(Illuminate\Http\Request), Object(Closure))
#31 /data/home/bxu2359250072/htdocs/yangfan/vendor/laravel/framework/src/Illuminate/Pipeline/Pipeline.php(136): call_user_func_array(Array, Array)
#32 [internal function]: Illuminate\Pipeline\Pipeline->Illuminate\Pipeline\{closure}(Object(Illuminate\Http\Request))
#33 /data/home/bxu2359250072/htdocs/yangfan/vendor/laravel/framework/src/Illuminate/Routing/Pipeline.php(32): call_user_func(Object(Closure), Object(Illuminate\Http\Request))
#34 [internal function]: Illuminate\Routing\Pipeline->Illuminate\Routing\{closure}(Object(Illuminate\Http\Request))
#35 /data/home/bxu2359250072/htdocs/yangfan/vendor/laravel/framework/src/Illuminate/Pipeline/Pipeline.php(103): call_user_func(Object(Closure), Object(Illuminate\Http\Request))
#36 /data/home/bxu2359250072/htdocs/yangfan/vendor/laravel/framework/src/Illuminate/Foundation/Http/Kernel.php(132): Illuminate\Pipeline\Pipeline->then(Object(Closure))
#37 /data/home/bxu2359250072/htdocs/yangfan/vendor/laravel/framework/src/Illuminate/Foundation/Http/Kernel.php(99): Illuminate\Foundation\Http\Kernel->sendRequestThroughRouter(Object(Illuminate\Http\Request))
#38 /data/home/bxu2359250072/htdocs/yangfan/public/index.php(54): Illuminate\Foundation\Http\Kernel->handle(Object(Illuminate\Http\Request))
#39 {main}  
[2017-03-17 11:47:28] production.ERROR: exception 'ErrorException' with message 'Undefined variable: text' in /data/home/bxu2359250072/htdocs/yangfan/app/Http/Controllers/WechatController.php:39
Stack trace:
#0 /data/home/bxu2359250072/htdocs/yangfan/app/Http/Controllers/WechatController.php(39): Illuminate\Foundation\Bootstrap\HandleExceptions->handleError(8, 'Undefined varia...', '/data/home/bxu2...', 39, Array)
#1 [internal function]: App\Http\Controllers\WechatController->App\Http\Controllers\{closure}(Object(EasyWeChat\Support\Collection))
#2 /data/home/bxu2359250072/htdocs/yangfan/vendor/overtrue/wechat/src/Server/Guard.php(406): call_user_func_array(Object(Closure), Array)
#3 /data/home/bxu2359250072/htdocs/yangfan/vendor/overtrue/wechat/src/Server/Guard.php(371): EasyWeChat\Server\Guard->handleMessage(Array)
#4 /data/home/bxu2359250072/htdocs/yangfan/vendor/overtrue/wechat/src/Server/Guard.php(157): EasyWeChat\Server\Guard->handleRequest()
#5 /data/home/bxu2359250072/htdocs/yangfan/app/Http/Controllers/WechatController.php(44): EasyWeChat\Server\Guard->serve()
#6 [internal function]: App\Http\Controllers\WechatController->serve()
#7 /data/home/bxu2359250072/htdocs/yangfan/vendor/laravel/framework/src/Illuminate/Routing/Controller.php(80): call_user_func_array(Array, Array)
#8 /data/home/bxu2359250072/htdocs/yangfan/vendor/laravel/framework/src/Illuminate/Routing/ControllerDispatcher.php(146): Illuminate\Routing\Controller->callAction('serve', Array)
#9 /data/home/bxu2359250072/htdocs/yangfan/vendor/laravel/framework/src/Illuminate/Routing/ControllerDispatcher.php(94): Illuminate\Routing\ControllerDispatcher->call(Object(App\Http\Controllers\WechatController), Object(Illuminate\Routing\Route), 'serve')
#10 [internal function]: Illuminate\Routing\ControllerDispatcher->Illuminate\Routing\{closure}(Object(Illuminate\Http\Request))
#11 /data/home/bxu2359250072/htdocs/yangfan/vendor/laravel/framework/src/Illuminate/Routing/Pipeline.php(52): call_user_func(Object(Closure), Object(Illuminate\Http\Request))
#12 [internal function]: Illuminate\Routing\Pipeline->Illuminate\Routing\{closure}(Object(Illuminate\Http\Request))
#13 /data/home/bxu2359250072/htdocs/yangfan/vendor/laravel/framework/src/Illuminate/Pipeline/Pipeline.php(103): call_user_func(Object(Closure), Object(Illuminate\Http\Request))
#14 /data/home/bxu2359250072/htdocs/yangfan/vendor/laravel/framework/src/Illuminate/Routing/ControllerDispatcher.php(96): Illuminate\Pipeline\Pipeline->then(Object(Closure))
#15 /data/home/bxu2359250072/htdocs/yangfan/vendor/laravel/framework/src/Illuminate/Routing/ControllerDispatcher.php(54): Illuminate\Routing\ControllerDispatcher->callWithinStack(Object(App\Http\Controllers\WechatController), Object(Illuminate\Routing\Route), Object(Illuminate\Http\Request), 'serve')
#16 /data/home/bxu2359250072/htdocs/yangfan/vendor/laravel/framework/src/Illuminate/Routing/Route.php(174): Illuminate\Routing\ControllerDispatcher->dispatch(Object(Illuminate\Routing\Route), Object(Illuminate\Http\Request), 'App\\Http\\Contro...', 'serve')
#17 /data/home/bxu2359250072/htdocs/yangfan/vendor/laravel/framework/src/Illuminate/Routing/Route.php(140): Illuminate\Routing\Route->runController(Object(Illuminate\Http\Request))
#18 /data/home/bxu2359250072/htdocs/yangfan/vendor/laravel/framework/src/Illuminate/Routing/Router.php(724): Illuminate\Routing\Route->run(Object(Illuminate\Http\Request))
#19 [internal function]: Illuminate\Routing\Router->Illuminate\Routing\{closure}(Object(Illuminate\Http\Request))
#20 /data/home/bxu2359250072/htdocs/yangfan/vendor/laravel/framework/src/Illuminate/Routing/Pipeline.php(52): call_user_func(Object(Closure), Object(Illuminate\Http\Request))
#21 [internal function]: Illuminate\Routing\Pipeline->Illuminate\Routing\{closure}(Object(Illuminate\Http\Request))
#22 /data/home/bxu2359250072/htdocs/yangfan/vendor/laravel/framework/src/Illuminate/Pipeline/Pipeline.php(103): call_user_func(Object(Closure), Object(Illuminate\Http\Request))
#23 /data/home/bxu2359250072/htdocs/yangfan/vendor/laravel/framework/src/Illuminate/Routing/Router.php(726): Illuminate\Pipeline\Pipeline->then(Object(Closure))
#24 /data/home/bxu2359250072/htdocs/yangfan/vendor/laravel/framework/src/Illuminate/Routing/Router.php(699): Illuminate\Routing\Router->runRouteWithinStack(Object(Illuminate\Routing\Route), Object(Illuminate\Http\Request))
#25 /data/home/bxu2359250072/htdocs/yangfan/vendor/laravel/framework/src/Illuminate/Routing/Router.php(675): Illuminate\Routing\Router->dispatchToRoute(Object(Illuminate\Http\Request))
#26 /data/home/bxu2359250072/htdocs/yangfan/vendor/laravel/framework/src/Illuminate/Foundation/Http/Kernel.php(246): Illuminate\Routing\Router->dispatch(Object(Illuminate\Http\Request))
#27 [internal function]: Illuminate\Foundation\Http\Kernel->Illuminate\Foundation\Http\{closure}(Object(Illuminate\Http\Request))
#28 /data/home/bxu2359250072/htdocs/yangfan/vendor/laravel/framework/src/Illuminate/Routing/Pipeline.php(52): call_user_func(Object(Closure), Object(Illuminate\Http\Request))
#29 /data/home/bxu2359250072/htdocs/yangfan/vendor/laravel/framework/src/Illuminate/Foundation/Http/Middleware/CheckForMaintenanceMode.php(44): Illuminate\Routing\Pipeline->Illuminate\Routing\{closure}(Object(Illuminate\Http\Request))
#30 [internal function]: Illuminate\Foundation\Http\Middleware\CheckForMaintenanceMode->handle(Object(Illuminate\Http\Request), Object(Closure))
#31 /data/home/bxu2359250072/htdocs/yangfan/vendor/laravel/framework/src/Illuminate/Pipeline/Pipeline.php(136): call_user_func_array(Array, Array)
#32 [internal function]: Illuminate\Pipeline\Pipeline->Illuminate\Pipeline\{closure}(Object(Illuminate\Http\Request))
#33 /data/home/bxu2359250072/htdocs/yangfan/vendor/laravel/framework/src/Illuminate/Routing/Pipeline.php(32): call_user_func(Object(Closure), Object(Illuminate\Http\Request))
#34 [internal function]: Illuminate\Routing\Pipeline->Illuminate\Routing\{closure}(Object(Illuminate\Http\Request))
#35 /data/home/bxu2359250072/htdocs/yangfan/vendor/laravel/framework/src/Illuminate/Pipeline/Pipeline.php(103): call_user_func(Object(Closure), Object(Illuminate\Http\Request))
#36 /data/home/bxu2359250072/htdocs/yangfan/vendor/laravel/framework/src/Illuminate/Foundation/Http/Kernel.php(132): Illuminate\Pipeline\Pipeline->then(Object(Closure))
#37 /data/home/bxu2359250072/htdocs/yangfan/vendor/laravel/framework/src/Illuminate/Foundation/Http/Kernel.php(99): Illuminate\Foundation\Http\Kernel->sendRequestThroughRouter(Object(Illuminate\Http\Request))
#38 /data/home/bxu2359250072/htdocs/yangfan/public/index.php(54): Illuminate\Foundation\Http\Kernel->handle(Object(Illuminate\Http\Request))
#39 {main}  
[2017-03-17 11:47:50] production.ERROR: exception 'ErrorException' with message 'Undefined variable: text' in /data/home/bxu2359250072/htdocs/yangfan/app/Http/Controllers/WechatController.php:39
Stack trace:
#0 /data/home/bxu2359250072/htdocs/yangfan/app/Http/Controllers/WechatController.php(39): Illuminate\Foundation\Bootstrap\HandleExceptions->handleError(8, 'Undefined varia...', '/data/home/bxu2...', 39, Array)
#1 [internal function]: App\Http\Controllers\WechatController->App\Http\Controllers\{closure}(Object(EasyWeChat\Support\Collection))
#2 /data/home/bxu2359250072/htdocs/yangfan/vendor/overtrue/wechat/src/Server/Guard.php(406): call_user_func_array(Object(Closure), Array)
#3 /data/home/bxu2359250072/htdocs/yangfan/vendor/overtrue/wechat/src/Server/Guard.php(371): EasyWeChat\Server\Guard->handleMessage(Array)
#4 /data/home/bxu2359250072/htdocs/yangfan/vendor/overtrue/wechat/src/Server/Guard.php(157): EasyWeChat\Server\Guard->handleRequest()
#5 /data/home/bxu2359250072/htdocs/yangfan/app/Http/Controllers/WechatController.php(44): EasyWeChat\Server\Guard->serve()
#6 [internal function]: App\Http\Controllers\WechatController->serve()
#7 /data/home/bxu2359250072/htdocs/yangfan/vendor/laravel/framework/src/Illuminate/Routing/Controller.php(80): call_user_func_array(Array, Array)
#8 /data/home/bxu2359250072/htdocs/yangfan/vendor/laravel/framework/src/Illuminate/Routing/ControllerDispatcher.php(146): Illuminate\Routing\Controller->callAction('serve', Array)
#9 /data/home/bxu2359250072/htdocs/yangfan/vendor/laravel/framework/src/Illuminate/Routing/ControllerDispatcher.php(94): Illuminate\Routing\ControllerDispatcher->call(Object(App\Http\Controllers\WechatController), Object(Illuminate\Routing\Route), 'serve')
#10 [internal function]: Illuminate\Routing\ControllerDispatcher->Illuminate\Routing\{closure}(Object(Illuminate\Http\Request))
#11 /data/home/bxu2359250072/htdocs/yangfan/vendor/laravel/framework/src/Illuminate/Routing/Pipeline.php(52): call_user_func(Object(Closure), Object(Illuminate\Http\Request))
#12 [internal function]: Illuminate\Routing\Pipeline->Illuminate\Routing\{closure}(Object(Illuminate\Http\Request))
#13 /data/home/bxu2359250072/htdocs/yangfan/vendor/laravel/framework/src/Illuminate/Pipeline/Pipeline.php(103): call_user_func(Object(Closure), Object(Illuminate\Http\Request))
#14 /data/home/bxu2359250072/htdocs/yangfan/vendor/laravel/framework/src/Illuminate/Routing/ControllerDispatcher.php(96): Illuminate\Pipeline\Pipeline->then(Object(Closure))
#15 /data/home/bxu2359250072/htdocs/yangfan/vendor/laravel/framework/src/Illuminate/Routing/ControllerDispatcher.php(54): Illuminate\Routing\ControllerDispatcher->callWithinStack(Object(App\Http\Controllers\WechatController), Object(Illuminate\Routing\Route), Object(Illuminate\Http\Request), 'serve')
#16 /data/home/bxu2359250072/htdocs/yangfan/vendor/laravel/framework/src/Illuminate/Routing/Route.php(174): Illuminate\Routing\ControllerDispatcher->dispatch(Object(Illuminate\Routing\Route), Object(Illuminate\Http\Request), 'App\\Http\\Contro...', 'serve')
#17 /data/home/bxu2359250072/htdocs/yangfan/vendor/laravel/framework/src/Illuminate/Routing/Route.php(140): Illuminate\Routing\Route->runController(Object(Illuminate\Http\Request))
#18 /data/home/bxu2359250072/htdocs/yangfan/vendor/laravel/framework/src/Illuminate/Routing/Router.php(724): Illuminate\Routing\Route->run(Object(Illuminate\Http\Request))
#19 [internal function]: Illuminate\Routing\Router->Illuminate\Routing\{closure}(Object(Illuminate\Http\Request))
#20 /data/home/bxu2359250072/htdocs/yangfan/vendor/laravel/framework/src/Illuminate/Routing/Pipeline.php(52): call_user_func(Object(Closure), Object(Illuminate\Http\Request))
#21 [internal function]: Illuminate\Routing\Pipeline->Illuminate\Routing\{closure}(Object(Illuminate\Http\Request))
#22 /data/home/bxu2359250072/htdocs/yangfan/vendor/laravel/framework/src/Illuminate/Pipeline/Pipeline.php(103): call_user_func(Object(Closure), Object(Illuminate\Http\Request))
#23 /data/home/bxu2359250072/htdocs/yangfan/vendor/laravel/framework/src/Illuminate/Routing/Router.php(726): Illuminate\Pipeline\Pipeline->then(Object(Closure))
#24 /data/home/bxu2359250072/htdocs/yangfan/vendor/laravel/framework/src/Illuminate/Routing/Router.php(699): Illuminate\Routing\Router->runRouteWithinStack(Object(Illuminate\Routing\Route), Object(Illuminate\Http\Request))
#25 /data/home/bxu2359250072/htdocs/yangfan/vendor/laravel/framework/src/Illuminate/Routing/Router.php(675): Illuminate\Routing\Router->dispatchToRoute(Object(Illuminate\Http\Request))
#26 /data/home/bxu2359250072/htdocs/yangfan/vendor/laravel/framework/src/Illuminate/Foundation/Http/Kernel.php(246): Illuminate\Routing\Router->dispatch(Object(Illuminate\Http\Request))
#27 [internal function]: Illuminate\Foundation\Http\Kernel->Illuminate\Foundation\Http\{closure}(Object(Illuminate\Http\Request))
#28 /data/home/bxu2359250072/htdocs/yangfan/vendor/laravel/framework/src/Illuminate/Routing/Pipeline.php(52): call_user_func(Object(Closure), Object(Illuminate\Http\Request))
#29 /data/home/bxu2359250072/htdocs/yangfan/vendor/laravel/framework/src/Illuminate/Foundation/Http/Middleware/CheckForMaintenanceMode.php(44): Illuminate\Routing\Pipeline->Illuminate\Routing\{closure}(Object(Illuminate\Http\Request))
#30 [internal function]: Illuminate\Foundation\Http\Middleware\CheckForMaintenanceMode->handle(Object(Illuminate\Http\Request), Object(Closure))
#31 /data/home/bxu2359250072/htdocs/yangfan/vendor/laravel/framework/src/Illuminate/Pipeline/Pipeline.php(136): call_user_func_array(Array, Array)
#32 [internal function]: Illuminate\Pipeline\Pipeline->Illuminate\Pipeline\{closure}(Object(Illuminate\Http\Request))
#33 /data/home/bxu2359250072/htdocs/yangfan/vendor/laravel/framework/src/Illuminate/Routing/Pipeline.php(32): call_user_func(Object(Closure), Object(Illuminate\Http\Request))
#34 [internal function]: Illuminate\Routing\Pipeline->Illuminate\Routing\{closure}(Object(Illuminate\Http\Request))
#35 /data/home/bxu2359250072/htdocs/yangfan/vendor/laravel/framework/src/Illuminate/Pipeline/Pipeline.php(103): call_user_func(Object(Closure), Object(Illuminate\Http\Request))
#36 /data/home/bxu2359250072/htdocs/yangfan/vendor/laravel/framework/src/Illuminate/Foundation/Http/Kernel.php(132): Illuminate\Pipeline\Pipeline->then(Object(Closure))
#37 /data/home/bxu2359250072/htdocs/yangfan/vendor/laravel/framework/src/Illuminate/Foundation/Http/Kernel.php(99): Illuminate\Foundation\Http\Kernel->sendRequestThroughRouter(Object(Illuminate\Http\Request))
#38 /data/home/bxu2359250072/htdocs/yangfan/public/index.php(54): Illuminate\Foundation\Http\Kernel->handle(Object(Illuminate\Http\Request))
#39 {main}  
